Unity Editor version:    2020.3.42f1 (7ade1201f527)
Branch:                  2020.3/staging
Build type:              Release
Batch mode:              YES
macOS version:           Version 11.2.1 (Build 20D74)
Darwin version:          20.3.0
Architecture:            x86_64
Running under Rosetta:   NO
Available memory:        16384 MB
Using pre-set license
Pro License: NO

COMMAND LINE ARGUMENTS:
/Users/game1/Desktop/2020.3.42f1/Unity.app/Contents/MacOS/Unity
-adb2
-batchMode
-noUpm
-name
AssetImportWorker0
-projectPath
/Users/game1/A very bad 3d model
-logFile
Logs/AssetImportWorker0.log
-srvPort
61697
Successfully changed project path to: /Users/game1/A very bad 3d model
/Users/game1/A very bad 3d model
Using Asset Import Pipeline V2.
Refreshing native plugins compatible for Editor in 24.57 ms, found 2 plugins.
Preloading 0 native plugins for Editor in 0.00 ms.
Initialize engine version: 2020.3.42f1 (7ade1201f527)
[Subsystems] Discovering subsystems at path /Users/game1/Desktop/2020.3.42f1/Unity.app/Contents/Resources/UnitySubsystems
[Subsystems] Discovering subsystems at path /Users/game1/A very bad 3d model/Assets
GfxDevice: creating device client; threaded=0
2023-05-15 08:51:15.272 Unity[10087:452548] iMac preferred device: AMD Radeon Pro 5500 XT (high power)
2023-05-15 08:51:15.272 Unity[10087:452548] Metal devices available: 1
2023-05-15 08:51:15.272 Unity[10087:452548] 0: AMD Radeon Pro 5500 XT (high power)
2023-05-15 08:51:15.272 Unity[10087:452548] Using device AMD Radeon Pro 5500 XT (high power)
Initializing Metal device caps: AMD Radeon Pro 5500 XT
Initialize mono
Mono path[0] = '/Users/game1/Desktop/2020.3.42f1/Unity.app/Contents/Managed'
Mono path[1] = '/Users/game1/Desktop/2020.3.42f1/Unity.app/Contents/MonoBleedingEdge/lib/mono/unityjit'
Mono config path = '/Users/game1/Desktop/2020.3.42f1/Unity.app/Contents/MonoBleedingEdge/etc'
Using monoOptions --debugger-agent=transport=dt_socket,embedding=1,server=y,suspend=n,address=127.0.0.1:56087
Begin MonoManager ReloadAssembly
Registering precompiled unity dll's ...
Register platform support module: /Users/game1/Desktop/2020.3.42f1/Unity.app/Contents/PlaybackEngines/MacStandaloneSupport/UnityEditor.OSXStandalone.Extensions.dll
Registered in 0.000432 seconds.
Native extension for OSXStandalone target not found
Refreshing native plugins compatible for Editor in 23.67 ms, found 2 plugins.
Preloading 0 native plugins for Editor in 0.00 ms.
Mono: successfully reloaded assembly
- Completed reload, in  0.521 seconds
Domain Reload Profiling:
	ReloadAssembly (521ms)
		BeginReloadAssembly (38ms)
			ExecutionOrderSort (0ms)
			DisableScriptedObjects (0ms)
			BackupInstance (0ms)
			ReleaseScriptingObjects (0ms)
			CreateAndSetChildDomain (1ms)
		EndReloadAssembly (417ms)
			LoadAssemblies (37ms)
			RebuildTransferFunctionScriptingTraits (0ms)
			SetupTypeCache (159ms)
			ReleaseScriptCaches (0ms)
			RebuildScriptCaches (33ms)
			SetupLoadedEditorAssemblies (152ms)
				LogAssemblyErrors (0ms)
				InitializePlatformSupportModulesInManaged (4ms)
				SetLoadedEditorAssemblies (0ms)
				RefreshPlugins (24ms)
				BeforeProcessingInitializeOnLoad (9ms)
				ProcessInitializeOnLoadAttributes (89ms)
				ProcessInitializeOnLoadMethodAttributes (26ms)
				AfterProcessingInitializeOnLoad (0ms)
				EditorAssembliesLoaded (0ms)
			ExecutionOrderSort2 (0ms)
			AwakeInstancesAfterBackupRestoration (0ms)
Platform modules already initialized, skipping
Registering precompiled user dll's ...
Registered in 0.000965 seconds.
Begin MonoManager ReloadAssembly
Native extension for OSXStandalone target not found
Refreshing native plugins compatible for Editor in 0.26 ms, found 2 plugins.
Preloading 0 native plugins for Editor in 0.00 ms.
Mono: successfully reloaded assembly
- Completed reload, in  0.905 seconds
Domain Reload Profiling:
	ReloadAssembly (905ms)
		BeginReloadAssembly (131ms)
			ExecutionOrderSort (0ms)
			DisableScriptedObjects (5ms)
			BackupInstance (0ms)
			ReleaseScriptingObjects (0ms)
			CreateAndSetChildDomain (25ms)
		EndReloadAssembly (718ms)
			LoadAssemblies (61ms)
			RebuildTransferFunctionScriptingTraits (0ms)
			SetupTypeCache (269ms)
			ReleaseScriptCaches (0ms)
			RebuildScriptCaches (46ms)
			SetupLoadedEditorAssemblies (255ms)
				LogAssemblyErrors (0ms)
				InitializePlatformSupportModulesInManaged (4ms)
				SetLoadedEditorAssemblies (0ms)
				RefreshPlugins (0ms)
				BeforeProcessingInitializeOnLoad (58ms)
				ProcessInitializeOnLoadAttributes (179ms)
				ProcessInitializeOnLoadMethodAttributes (12ms)
				AfterProcessingInitializeOnLoad (1ms)
				EditorAssembliesLoaded (0ms)
			ExecutionOrderSort2 (0ms)
			AwakeInstancesAfterBackupRestoration (2ms)
Platform modules already initialized, skipping
Validating Project structure ... 0.000206 seconds.
Shader import version has changed; will reimport all shaders...
Upgrading shader files ...0.000308 seconds.
Application.AssetDatabase Initial Script Refresh Start
RefreshInfo: InitialScriptRefreshV2(NoUpdateAssetOptions) scanfilter:  ... 1 filters
RefreshProfiler: Total: 0.000ms
Application.AssetDatabase Initial Script Refresh End
Application.AssetDatabase.Refresh Start
Application.AssetDatabase.Refresh End
RefreshInfo: StopAssetImportingV2(ForceSynchronousImport) scanfilter: 
RefreshProfiler: Total: 0.000ms
Launching external process: /Users/game1/Desktop/2020.3.42f1/Unity.app/Contents/Tools/UnityShaderCompiler
Launched and connected shader compiler UnityShaderCompiler after 0.01 seconds
Initializing Unity extensions:
========================================================================
Worker process is ready to serve import requests
Refreshing native plugins compatible for Editor in 0.22 ms, found 2 plugins.
Preloading 0 native plugins for Editor in 0.00 ms.
Unloading 1489 Unused Serialized files (Serialized files now loaded: 0)
System memory in use before: 176.6 MB.
System memory in use after: 175.8 MB.

Unloading 78 unused Assets to reduce memory usage. Loaded Objects now: 1964.
Total: 2.409135 ms (FindLiveObjects: 0.103226 ms CreateObjectMapping: 0.041213 ms MarkObjects: 1.852899 ms  DeleteObjects: 0.411267 ms)

AssetImportParameters requested are different than current active one (requested -> active):
  custom:video-decoder-ogg-theora: a1e56fd34408186e4bbccfd4996cb3dc -> 
  custom:container-muxer-webm: aa71ff27fc2769a1b78a27578f13a17b -> 
  custom:container-demuxer-webm: 4f35f7cbe854078d1ac9338744f61a02 -> 
  custom:container-demuxer-ogg: 62fdf1f143b41e24485cea50d1cbac27 -> 
  custom:video-encoder-webm-vp8: eb34c28f22e8b96e1ab97ce403110664 -> 
  custom:framework-osx-AVFoundation: e770b220cccbd017edd2c1fefb359320 -> 
  custom:video-decoder-webm-vp8: 9c59270c3fd7afecdb556c50c9e8de78 -> 
  custom:audio-decoder-ogg-vorbis: bf7c407c2cedff20999df2af8eb42d56 -> 
  custom:audio-encoder-webm-vorbis: bf7c407c2cedff20999df2af8eb42d56 -> 
========================================================================
Received Import Request.
  path: Assets/New Folder
  artifactKey: Guid(49092238cd88a4253b2ad69561346ea8) Importer(815301076,1909f56bfc062723c751e8b465ee728b)
Start importing Assets/New Folder using Guid(49092238cd88a4253b2ad69561346ea8) Importer(815301076,1909f56bfc062723c751e8b465ee728b)  -> (artifact id: '1aa0641df15a1f6dd1cb6f5198f6ff1f') in 0.002855 seconds 
========================================================================
Received Import Request.
  Time since last request: 7.193761 seconds.
  path: Assets/Textrues
  artifactKey: Guid(49092238cd88a4253b2ad69561346ea8) Importer(815301076,1909f56bfc062723c751e8b465ee728b)
Start importing Assets/Textrues using Guid(49092238cd88a4253b2ad69561346ea8) Importer(815301076,1909f56bfc062723c751e8b465ee728b)  -> (artifact id: '58f4b714f8c81c9fbbb8c0e818245166') in 0.000751 seconds 
========================================================================
Received Import Request.
  Time since last request: 142.184815 seconds.
  path: Assets/Materials
  artifactKey: Guid(49092238cd88a4253b2ad69561346ea8) Importer(815301076,1909f56bfc062723c751e8b465ee728b)
Start importing Assets/Materials using Guid(49092238cd88a4253b2ad69561346ea8) Importer(815301076,1909f56bfc062723c751e8b465ee728b)  -> (artifact id: '01213e03a0680c9515b4c4a4ded7d74a') in 0.000919 seconds 
========================================================================
Received Import Request.
  Time since last request: 243.505618 seconds.
  path: Assets/Materials/New Material.mat
  artifactKey: Guid(451e1f9afa3944ce797509a613e3e8a5) Importer(815301076,1909f56bfc062723c751e8b465ee728b)
Start importing Assets/Materials/New Material.mat using Guid(451e1f9afa3944ce797509a613e3e8a5) Importer(815301076,1909f56bfc062723c751e8b465ee728b)  -> (artifact id: '1b7226d1392b349126fd0ee83d089fb7') in 1.025765 seconds 
========================================================================
Received Import Request.
  Time since last request: 18.079960 seconds.
  path: Assets/Materials/Door_Color_1.mat
  artifactKey: Guid(948947b2342f54037a1d78d720826455) Importer(815301076,1909f56bfc062723c751e8b465ee728b)
Start importing Assets/Materials/Door_Color_1.mat using Guid(948947b2342f54037a1d78d720826455) Importer(815301076,1909f56bfc062723c751e8b465ee728b)  -> (artifact id: '353429675787ba9826fcb9dfa1ffc94b') in 0.021720 seconds 
========================================================================
Received Import Request.
  Time since last request: 8.665620 seconds.
  path: Assets/Materials/Door_Color_2.mat
  artifactKey: Guid(451e1f9afa3944ce797509a613e3e8a5) Importer(815301076,1909f56bfc062723c751e8b465ee728b)
Start importing Assets/Materials/Door_Color_2.mat using Guid(451e1f9afa3944ce797509a613e3e8a5) Importer(815301076,1909f56bfc062723c751e8b465ee728b)  -> (artifact id: '42d192ace0d283f46ac15dcaa6121e0c') in 0.019421 seconds 
========================================================================
Received Import Request.
  Time since last request: 144.535276 seconds.
  path: Assets/Materials/New Material.mat
  artifactKey: Guid(e79598976d6d848c9acae2409ce38e0c) Importer(815301076,1909f56bfc062723c751e8b465ee728b)
Start importing Assets/Materials/New Material.mat using Guid(e79598976d6d848c9acae2409ce38e0c) Importer(815301076,1909f56bfc062723c751e8b465ee728b)  -> (artifact id: '65d2bb29afd6e30a559bbd815d0801b0') in 0.008185 seconds 
AssetImportWorkerClient::OnTransportError - code=2 error=End of file
